Loading composer repositories with package information
Restricting packages listed in "symfony/symfony" to "6.4.*"
Updating dependencies
Lock file operations: 134 installs, 0 updates, 0 removals
  - Locking composer/semver (3.4.4)
  - Locking doctrine/collections (2.6.0)
  - Locking doctrine/dbal (3.10.4)
  - Locking doctrine/deprecations (1.1.6)
  - Locking doctrine/doctrine-bundle (2.18.2)
  - Locking doctrine/doctrine-migrations-bundle (3.7.0)
  - Locking doctrine/event-manager (2.1.1)
  - Locking doctrine/inflector (2.1.0)
  - Locking doctrine/instantiator (2.1.0)
  - Locking doctrine/lexer (3.0.1)
  - Locking doctrine/migrations (3.9.5)
  - Locking doctrine/orm (3.6.2)
  - Locking doctrine/persistence (4.1.1)
  - Locking doctrine/sql-formatter (1.5.4)
  - Locking easycorp/easyadmin-bundle (v4.28.1)
  - Locking egulias/email-validator (4.0.4)
  - Locking masterminds/html5 (2.10.0)
  - Locking monolog/monolog (3.10.0)
  - Locking myclabs/deep-copy (1.13.4)
  - Locking nikic/php-parser (v5.7.0)
  - Locking phar-io/manifest (2.0.4)
  - Locking phar-io/version (3.2.1)
  - Locking phpdocumentor/reflection-common (2.2.0)
  - Locking phpdocumentor/reflection-docblock (5.6.6)
  - Locking phpdocumentor/type-resolver (1.12.0)
  - Locking phpstan/phpdoc-parser (2.3.2)
  - Locking phpunit/php-code-coverage (12.5.3)
  - Locking phpunit/php-file-iterator (6.0.1)
  - Locking phpunit/php-invoker (6.0.0)
  - Locking phpunit/php-text-template (5.0.0)
  - Locking phpunit/php-timer (8.0.0)
  - Locking phpunit/phpunit (12.5.11)
  - Locking psr/cache (3.0.0)
  - Locking psr/clock (1.0.0)
  - Locking psr/container (2.0.2)
  - Locking psr/event-dispatcher (1.0.0)
  - Locking psr/link (2.0.1)
  - Locking psr/log (3.0.2)
  - Locking sebastian/cli-parser (4.2.0)
  - Locking sebastian/comparator (7.1.4)
  - Locking sebastian/complexity (5.0.0)
  - Locking sebastian/diff (7.0.0)
  - Locking sebastian/environment (8.0.3)
  - Locking sebastian/exporter (7.0.2)
  - Locking sebastian/global-state (8.0.2)
  - Locking sebastian/lines-of-code (4.0.0)
  - Locking sebastian/object-enumerator (7.0.0)
  - Locking sebastian/object-reflector (5.0.0)
  - Locking sebastian/recursion-context (7.0.1)
  - Locking sebastian/type (6.0.3)
  - Locking sebastian/version (6.0.0)
  - Locking staabm/side-effects-detector (1.0.5)
  - Locking symfony/asset (v6.4.32)
  - Locking symfony/asset-mapper (v6.4.32)
  - Locking symfony/browser-kit (v6.4.32)
  - Locking symfony/cache (v6.4.33)
  - Locking symfony/cache-contracts (v3.6.0)
  - Locking symfony/clock (v6.4.30)
  - Locking symfony/config (v6.4.32)
  - Locking symfony/console (v6.4.32)
  - Locking symfony/css-selector (v6.4.24)
  - Locking symfony/debug-bundle (v6.4.27)
  - Locking symfony/dependency-injection (v6.4.32)
  - Locking symfony/deprecation-contracts (v3.6.0)
  - Locking symfony/doctrine-bridge (v6.4.32)
  - Locking symfony/doctrine-messenger (v6.4.33)
  - Locking symfony/dom-crawler (v6.4.32)
  - Locking symfony/dotenv (v6.4.30)
  - Locking symfony/error-handler (v6.4.32)
  - Locking symfony/event-dispatcher (v6.4.32)
  - Locking symfony/event-dispatcher-contracts (v3.6.0)
  - Locking symfony/expression-language (v6.4.32)
  - Locking symfony/filesystem (v6.4.30)
  - Locking symfony/finder (v6.4.33)
  - Locking symfony/flex (v2.10.0)
  - Locking symfony/form (v6.4.32)
  - Locking symfony/framework-bundle (v6.4.33)
  - Locking symfony/http-client (v6.4.33)
  - Locking symfony/http-client-contracts (v3.6.0)
  - Locking symfony/http-foundation (v6.4.33)
  - Locking symfony/http-kernel (v6.4.33)
  - Locking symfony/intl (v6.4.32)
  - Locking symfony/mailer (v6.4.31)
  - Locking symfony/maker-bundle (v1.66.0)
  - Locking symfony/messenger (v6.4.32)
  - Locking symfony/mime (v6.4.32)
  - Locking symfony/monolog-bridge (v6.4.32)
  - Locking symfony/monolog-bundle (v3.11.1)
  - Locking symfony/notifier (v6.4.32)
  - Locking symfony/options-resolver (v6.4.30)
  - Locking symfony/password-hasher (v6.4.32)
  - Locking symfony/polyfill-intl-grapheme (v1.33.0)
  - Locking symfony/polyfill-intl-icu (v1.33.0)
  - Locking symfony/polyfill-intl-idn (v1.33.0)
  - Locking symfony/polyfill-intl-normalizer (v1.33.0)
  - Locking symfony/polyfill-mbstring (v1.33.0)
  - Locking symfony/polyfill-php83 (v1.33.0)
  - Locking symfony/polyfill-php84 (v1.33.0)
  - Locking symfony/polyfill-uuid (v1.33.0)
  - Locking symfony/process (v6.4.33)
  - Locking symfony/property-access (v6.4.32)
  - Locking symfony/property-info (v6.4.33)
  - Locking symfony/routing (v6.4.32)
  - Locking symfony/runtime (v6.4.30)
  - Locking symfony/security-bundle (v6.4.32)
  - Locking symfony/security-core (v6.4.31)
  - Locking symfony/security-csrf (v6.4.31)
  - Locking symfony/security-http (v6.4.31)
  - Locking symfony/serializer (v6.4.33)
  - Locking symfony/service-contracts (v3.6.1)
  - Locking symfony/stimulus-bundle (v2.32.0)
  - Locking symfony/stopwatch (v6.4.24)
  - Locking symfony/string (v6.4.30)
  - Locking symfony/translation (v6.4.32)
  - Locking symfony/translation-contracts (v3.6.1)
  - Locking symfony/twig-bridge (v6.4.32)
  - Locking symfony/twig-bundle (v6.4.32)
  - Locking symfony/twilio-notifier (v6.4.32)
  - Locking symfony/uid (v6.4.32)
  - Locking symfony/ux-turbo (v2.32.0)
  - Locking symfony/ux-twig-component (v2.32.0)
  - Locking symfony/validator (v6.4.33)
  - Locking symfony/var-dumper (v6.4.32)
  - Locking symfony/var-exporter (v6.4.26)
  - Locking symfony/web-link (v6.4.32)
  - Locking symfony/web-profiler-bundle (v6.4.32)
  - Locking symfony/yaml (v6.4.30)
  - Locking symfonycasts/reset-password-bundle (v1.24.0)
  - Locking symfonycasts/verify-email-bundle (v1.18.0)
  - Locking theseer/tokenizer (2.0.1)
  - Locking twig/extra-bundle (v3.23.0)
  - Locking twig/html-extra (v3.23.0)
  - Locking twig/twig (v3.23.0)
  - Locking webmozart/assert (2.1.2)
Writing lock file
Installing dependencies from lock file (including require-dev)
Nothing to install, update or remove
Generating autoload files
115 packages you are using are looking for funding.
Use the `composer fund` command to find out more!

Symfony operations: 3 recipes (7a89be77a8d5d2d8d2c9449618f91598)
  - Configuring symfony/twilio-notifier (>=5.0): From github.com/symfony/recipes:main
  - Configuring symfonycasts/reset-password-bundle (>=1.0): From github.com/symfony/recipes:main

In bundles.php line 16:
                       
  [ParseError]         
  syntax error, unexp  
  ected token "<<", e  
  xpecting "]"         
                       

Exception trace:
  at /srv/http/BloodLink/config/bundles.php:16
 Symfony\Flex\Configurator\BundlesConfigurator->load() at /srv/http/BloodLink/vendor/symfony/flex/src/Configurator/BundlesConfigurator.php:63
 Symfony\Flex\Configurator\BundlesConfigurator->configureBundles() at /srv/http/BloodLink/vendor/symfony/flex/src/Configurator/BundlesConfigurator.php:26
 Symfony\Flex\Configurator\BundlesConfigurator->configure() at /srv/http/BloodLink/vendor/symfony/flex/src/Configurator.php:61
 Symfony\Flex\Configurator->install() at /srv/http/BloodLink/vendor/symfony/flex/src/Flex.php:441
 Symfony\Flex\Flex->install() at /srv/http/BloodLink/vendor/symfony/flex/src/Flex.php:313
 Symfony\Flex\Flex->update() at phar:///usr/bin/composer/src/Composer/EventDispatcher/EventDispatcher.php:232
 Composer\EventDispatcher\EventDispatcher->doDispatch() at phar:///usr/bin/composer/src/Composer/EventDispatcher/EventDispatcher.php:142
 Composer\EventDispatcher\EventDispatcher->dispatchScript() at phar:///usr/bin/composer/src/Composer/Installer.php:414
 Composer\Installer->run() at phar:///usr/bin/composer/src/Composer/Command/UpdateCommand.php:278
 Composer\Command\UpdateCommand->execute() at phar:///usr/bin/composer/vendor/symfony/console/Command/Command.php:298
 Symfony\Component\Console\Command\Command->run() at phar:///usr/bin/composer/vendor/symfony/console/Application.php:1040
 Symfony\Component\Console\Application->doRunCommand() at phar:///usr/bin/composer/vendor/symfony/console/Application.php:301
 Symfony\Component\Console\Application->doRun() at phar:///usr/bin/composer/src/Composer/Console/Application.php:418
 Composer\Console\Application->doRun() at phar:///usr/bin/composer/vendor/symfony/console/Application.php:171
 Symfony\Component\Console\Application->run() at phar:///usr/bin/composer/src/Composer/Console/Application.php:138
 Composer\Console\Application->run() at phar:///usr/bin/composer/bin/composer:112
 require() at /usr/bin/composer:29

update [--with WITH] [--prefer-source] [--prefer-dist] [--prefer-install PREFER-INSTALL] [--dry-run] [--dev] [--no-dev] [--lock] [--no-install] [--no-audit] [--audit-format AUDIT-FORMAT] [--no-security-blocking] [--no-autoloader] [--no-suggest] [--no-progress] [-w|--with-dependencies] [-W|--with-all-dependencies] [-v|vv|vvv|--verbose] [-o|--optimize-autoloader] [-a|--classmap-authoritative] [--apcu-autoloader] [--apcu-autoloader-prefix APCU-AUTOLOADER-PREFIX] [--ignore-platform-req IGNORE-PLATFORM-REQ] [--ignore-platform-reqs] [--prefer-stable] [--prefer-lowest] [-m|--minimal-changes] [--patch-only] [-i|--interactive] [--root-reqs] [--bump-after-update [BUMP-AFTER-UPDATE]] [--] [<packages>...]

